<?xml version="1.0" encoding="UTF-8"?>
<testsuite name="org.somecompany.build.MsBuildTest" tests="3" skipped="0" failures="0" errors="0" timestamp="2019-08-19T16:52:53" hostname="roger-lozada" time="0.619">
  <properties/>
  <testcase name="build_callsShStep2" classname="org.somecompany.build.MsBuildTest" time="0.329"/>
  <testcase name="build_callsShStep" classname="org.somecompany.build.MsBuildTest" time="0.287"/>
  <testcase name="build_shStepReturnsStatusNotEqualsZero_callsErrorStep" classname="org.somecompany.build.MsBuildTest" time="0.003"/>
  <system-out><![CDATA[]]></system-out>
  <system-err><![CDATA[]]></system-err>
</testsuite>
